[debug] [2023-02-06T11:05:16.448Z] ----------------------------------------------------------------------
[debug] [2023-02-06T11:05:16.456Z] Command:       C:\Program Files\nodejs\node.exe C:\Users\hp\AppData\Roaming\npm\node_modules\firebase-tools\lib\bin\firebase.js init
[debug] [2023-02-06T11:05:16.459Z] CLI Version:   11.22.0
[debug] [2023-02-06T11:05:16.459Z] Platform:      win32
[debug] [2023-02-06T11:05:16.460Z] Node Version:  v16.17.1
[debug] [2023-02-06T11:05:16.464Z] Time:          Mon Feb 06 2023 12:05:16 GMT+0100 (West Africa Standard Time)
[debug] [2023-02-06T11:05:16.465Z] ----------------------------------------------------------------------
[debug] 
[debug] [2023-02-06T11:05:16.503Z] > command requires scopes: ["email","openid","https://www.googleapis.com/auth/cloudplatformprojects.readonly","https://www.googleapis.com/auth/firebase","https://www.googleapis.com/auth/cloud-platform"]
[debug] [2023-02-06T11:05:16.505Z] > authorizing via signed-in user (estherraphael126@gmail.com)
[info] 
     ######## #### ########  ######## ########     ###     ######  ########
     ##        ##  ##     ## ##       ##     ##  ##   ##  ##       ##
     ######    ##  ########  ######   ########  #########  ######  ######
     ##        ##  ##    ##  ##       ##     ## ##     ##       ## ##
     ##       #### ##     ## ######## ########  ##     ##  ######  ########

You're about to initialize a Firebase project in this directory:

  C:\Users\hp\Desktop\myPortfolio\my-portfolio

[info] 
=== Project Setup
[info] 
[info] First, let's associate this project directory with a Firebase project.
[info] You can create multiple project aliases by running firebase use --add, 
[info] but for now we'll just set up a default project.
[info] 
[debug] [2023-02-06T11:07:59.333Z] > refreshing access token with scopes: []
[debug] [2023-02-06T11:07:59.347Z] >>> [apiv2][query] POST https://www.googleapis.com/oauth2/v3/token [none]
[debug] [2023-02-06T11:07:59.348Z] >>> [apiv2][body] POST https://www.googleapis.com/oauth2/v3/token [omitted]
[debug] [2023-02-06T11:08:01.239Z] <<< [apiv2][status] POST https://www.googleapis.com/oauth2/v3/token 200
[debug] [2023-02-06T11:08:01.240Z] <<< [apiv2][body] POST https://www.googleapis.com/oauth2/v3/token [omitted]
[debug] [2023-02-06T11:08:01.319Z] >>> [apiv2][query] GET https://firebase.googleapis.com/v1beta1/projects pageSize=100
[debug] [2023-02-06T11:08:02.331Z] <<< [apiv2][status] GET https://firebase.googleapis.com/v1beta1/projects 200
[debug] [2023-02-06T11:08:02.332Z] <<< [apiv2][body] GET https://firebase.googleapis.com/v1beta1/projects [omitted]
[info] i  Using project my-portfolio-b2abf (my-portfolio) 
[info] 
=== Database Setup
[info] i  database: ensuring required API firebasedatabase.googleapis.com is enabled... 
[debug] [2023-02-06T11:08:10.211Z] >>> [apiv2][query] GET https://serviceusage.googleapis.com/v1/projects/my-portfolio-b2abf/services/firebasedatabase.googleapis.com [none]
[debug] [2023-02-06T11:08:10.212Z] >>> [apiv2][(partial)header] GET https://serviceusage.googleapis.com/v1/projects/my-portfolio-b2abf/services/firebasedatabase.googleapis.com x-goog-quota-user=projects/my-portfolio-b2abf
[debug] [2023-02-06T11:08:14.979Z] <<< [apiv2][status] GET https://serviceusage.googleapis.com/v1/projects/my-portfolio-b2abf/services/firebasedatabase.googleapis.com 200
[debug] [2023-02-06T11:08:14.981Z] <<< [apiv2][body] GET https://serviceusage.googleapis.com/v1/projects/my-portfolio-b2abf/services/firebasedatabase.googleapis.com [omitted]
[warn] !  database: missing required API firebasedatabase.googleapis.com. Enabling now... 
[debug] [2023-02-06T11:08:14.990Z] >>> [apiv2][query] POST https://serviceusage.googleapis.com/v1/projects/my-portfolio-b2abf/services/firebasedatabase.googleapis.com:enable [none]
[debug] [2023-02-06T11:08:14.991Z] >>> [apiv2][(partial)header] POST https://serviceusage.googleapis.com/v1/projects/my-portfolio-b2abf/services/firebasedatabase.googleapis.com:enable x-goog-quota-user=projects/my-portfolio-b2abf
[debug] [2023-02-06T11:08:16.809Z] <<< [apiv2][status] POST https://serviceusage.googleapis.com/v1/projects/my-portfolio-b2abf/services/firebasedatabase.googleapis.com:enable 200
[debug] [2023-02-06T11:08:16.811Z] <<< [apiv2][body] POST https://serviceusage.googleapis.com/v1/projects/my-portfolio-b2abf/services/firebasedatabase.googleapis.com:enable [omitted]
[debug] [2023-02-06T11:08:26.824Z] >>> [apiv2][query] GET https://serviceusage.googleapis.com/v1/projects/my-portfolio-b2abf/services/firebasedatabase.googleapis.com [none]
[debug] [2023-02-06T11:08:26.828Z] >>> [apiv2][(partial)header] GET https://serviceusage.googleapis.com/v1/projects/my-portfolio-b2abf/services/firebasedatabase.googleapis.com x-goog-quota-user=projects/my-portfolio-b2abf
[debug] [2023-02-06T11:08:28.456Z] <<< [apiv2][status] GET https://serviceusage.googleapis.com/v1/projects/my-portfolio-b2abf/services/firebasedatabase.googleapis.com 200
[debug] [2023-02-06T11:08:28.458Z] <<< [apiv2][body] GET https://serviceusage.googleapis.com/v1/projects/my-portfolio-b2abf/services/firebasedatabase.googleapis.com [omitted]
[info] +  database: required API firebasedatabase.googleapis.com is enabled 
[info] 
[debug] [2023-02-06T11:08:28.497Z] >>> [apiv2][query] GET https://firebase.googleapis.com/v1beta1/projects/my-portfolio-b2abf [none]
[debug] [2023-02-06T11:08:29.366Z] <<< [apiv2][status] GET https://firebase.googleapis.com/v1beta1/projects/my-portfolio-b2abf 200
[debug] [2023-02-06T11:08:29.369Z] <<< [apiv2][body] GET https://firebase.googleapis.com/v1beta1/projects/my-portfolio-b2abf {"projectId":"my-portfolio-b2abf","projectNumber":"629333428064","displayName":"my-portfolio","name":"projects/my-portfolio-b2abf","resources":{"hostingSite":"my-portfolio-b2abf"},"state":"ACTIVE","etag":"1_8b0098f1-5668-4246-9081-6b4d99c77ec8"}
[debug] [2023-02-06T11:09:41.857Z] ----------------------------------------------------------------------
[debug] [2023-02-06T11:09:41.864Z] Command:       C:\Program Files\nodejs\node.exe C:\Users\hp\AppData\Roaming\npm\node_modules\firebase-tools\lib\bin\firebase.js init
[debug] [2023-02-06T11:09:41.867Z] CLI Version:   11.22.0
[debug] [2023-02-06T11:09:41.867Z] Platform:      win32
[debug] [2023-02-06T11:09:41.868Z] Node Version:  v16.17.1
[debug] [2023-02-06T11:09:41.871Z] Time:          Mon Feb 06 2023 12:09:41 GMT+0100 (West Africa Standard Time)
[debug] [2023-02-06T11:09:41.872Z] ----------------------------------------------------------------------
[debug] 
[debug] [2023-02-06T11:09:41.914Z] > command requires scopes: ["email","openid","https://www.googleapis.com/auth/cloudplatformprojects.readonly","https://www.googleapis.com/auth/firebase","https://www.googleapis.com/auth/cloud-platform"]
[debug] [2023-02-06T11:09:41.916Z] > authorizing via signed-in user (estherraphael126@gmail.com)
[info] 
     ######## #### ########  ######## ########     ###     ######  ########
     ##        ##  ##     ## ##       ##     ##  ##   ##  ##       ##
     ######    ##  ########  ######   ########  #########  ######  ######
     ##        ##  ##    ##  ##       ##     ## ##     ##       ## ##
     ##       #### ##     ## ######## ########  ##     ##  ######  ########

You're about to initialize a Firebase project in this directory:

  C:\Users\hp\Desktop\myPortfolio\my-portfolio

[info] 
=== Project Setup
[info] 
[info] First, let's associate this project directory with a Firebase project.
[info] You can create multiple project aliases by running firebase use --add, 
[info] but for now we'll just set up a default project.
[info] 
[debug] [2023-02-06T11:12:59.191Z] >>> [apiv2][query] GET https://firebase.googleapis.com/v1beta1/projects pageSize=100
[debug] [2023-02-06T11:13:10.672Z] Failed to make request to https://firebase.googleapis.com/v1beta1/projects?pageSize=100
[debug] [2023-02-06T11:13:10.738Z] FirebaseError: Failed to make request to https://firebase.googleapis.com/v1beta1/projects?pageSize=100
    at RetryOperation._fn (C:\Users\hp\AppData\Roaming\npm\node_modules\firebase-tools\lib\apiv2.js:242:31)
    at processTicksAndRejections (node:internal/process/task_queues:96:5)
[error] 
[error] Error: Failed to list Firebase projects. See firebase-debug.log for more info.
[debug] [2023-02-06T11:13:39.310Z] ----------------------------------------------------------------------
[debug] [2023-02-06T11:13:39.317Z] Command:       C:\Program Files\nodejs\node.exe C:\Users\hp\AppData\Roaming\npm\node_modules\firebase-tools\lib\bin\firebase.js init
[debug] [2023-02-06T11:13:39.320Z] CLI Version:   11.22.0
[debug] [2023-02-06T11:13:39.320Z] Platform:      win32
[debug] [2023-02-06T11:13:39.321Z] Node Version:  v16.17.1
[debug] [2023-02-06T11:13:39.324Z] Time:          Mon Feb 06 2023 12:13:39 GMT+0100 (West Africa Standard Time)
[debug] [2023-02-06T11:13:39.325Z] ----------------------------------------------------------------------
[debug] 
[debug] [2023-02-06T11:13:39.361Z] > command requires scopes: ["email","openid","https://www.googleapis.com/auth/cloudplatformprojects.readonly","https://www.googleapis.com/auth/firebase","https://www.googleapis.com/auth/cloud-platform"]
[debug] [2023-02-06T11:13:39.363Z] > authorizing via signed-in user (estherraphael126@gmail.com)
[info] 
     ######## #### ########  ######## ########     ###     ######  ########
     ##        ##  ##     ## ##       ##     ##  ##   ##  ##       ##
     ######    ##  ########  ######   ########  #########  ######  ######
     ##        ##  ##    ##  ##       ##     ## ##     ##       ## ##
     ##       #### ##     ## ######## ########  ##     ##  ######  ########

You're about to initialize a Firebase project in this directory:

  C:\Users\hp\Desktop\myPortfolio\my-portfolio

[info] 
=== Project Setup
[info] 
[info] First, let's associate this project directory with a Firebase project.
[info] You can create multiple project aliases by running firebase use --add, 
[info] but for now we'll just set up a default project.
[info] 
[debug] [2023-02-06T11:13:54.781Z] >>> [apiv2][query] GET https://firebase.googleapis.com/v1beta1/projects pageSize=100
[debug] [2023-02-06T11:13:56.756Z] <<< [apiv2][status] GET https://firebase.googleapis.com/v1beta1/projects 200
[debug] [2023-02-06T11:13:56.757Z] <<< [apiv2][body] GET https://firebase.googleapis.com/v1beta1/projects [omitted]
[info] i  Using project my-portfolio-b2abf (my-portfolio) 
[info] 
=== Hosting Setup
[info] 
[info] Your public directory is the folder (relative to your project directory) that
[info] will contain Hosting assets to be uploaded with firebase deploy. If you
[info] have a build process for your assets, use your build's output directory.
[info] 
[debug] [2023-02-06T11:14:26.905Z] >>> [apiv2][query] GET https://www.gstatic.com/firebasejs/releases.json [none]
[debug] [2023-02-06T11:14:28.863Z] <<< [apiv2][status] GET https://www.gstatic.com/firebasejs/releases.json 200
[debug] [2023-02-06T11:14:28.865Z] <<< [apiv2][body] GET https://www.gstatic.com/firebasejs/releases.json {"current":{"version":"9.17.1","browserURL":"https://www.gstatic.com/firebasejs/9.17.1/firebase.js","packageURL":"https://www.gstatic.com/firebasejs/9.17.1/firebase.tgz"},"live":{"version":"9.17","browserURL":"https://www.gstatic.com/firebasejs/live/9.17/firebase.js","packageURL":"https://www.gstatic.com/firebasejs/live/9.17/firebase.tgz"},"components":{"analytics":"https://www.gstatic.com/firebasejs/9.17.1/firebase-analytics.js","app":"https://www.gstatic.com/firebasejs/9.17.1/firebase-app.js","app-check":"https://www.gstatic.com/firebasejs/9.17.1/firebase-app-check.js","auth":"https://www.gstatic.com/firebasejs/9.17.1/firebase-auth.js","auth/cordova":"https://www.gstatic.com/firebasejs/9.17.1/firebase-auth/cordova.js","auth/react-native":"https://www.gstatic.com/firebasejs/9.17.1/firebase-auth/react-native.js","functions":"https://www.gstatic.com/firebasejs/9.17.1/firebase-functions.js","firestore":"https://www.gstatic.com/firebasejs/9.17.1/firebase-firestore.js","firestore/lite":"https://www.gstatic.com/firebasejs/9.17.1/firebase-firestore/lite.js","installations":"https://www.gstatic.com/firebasejs/9.17.1/firebase-installations.js","storage":"https://www.gstatic.com/firebasejs/9.17.1/firebase-storage.js","performance":"https://www.gstatic.com/firebasejs/9.17.1/firebase-performance.js","remote-config":"https://www.gstatic.com/firebasejs/9.17.1/firebase-remote-config.js","messaging":"https://www.gstatic.com/firebasejs/9.17.1/firebase-messaging.js","messaging/sw":"https://www.gstatic.com/firebasejs/9.17.1/firebase-messaging/sw.js","database":"https://www.gstatic.com/firebasejs/9.17.1/firebase-database.js","firestore.memory":"https://www.gstatic.com/firebasejs/9.17.1/firebase-firestore.memory.js"}}
[info] +  Wrote build/index.html 
[info] 
[info] i  Writing configuration info to firebase.json... 
[info] i  Writing project information to .firebaserc... 
[info] 
[info] +  Firebase initialization complete! 
